07-Jan-2021 19:31:14.204 INFO [main] jdk.internal.reflect.NativeMethodAccessorImpl.invoke 
 Server Version:        Apache Tomcat/9.0.20
07-Jan-2021 19:31:14.205 INFO [main] jdk.internal.reflect.NativeMethodAccessorImpl.invoke Server built:          May 3 2019 22:26:00 UTC
07-Jan-2021 19:31:14.205 INFO [main] jdk.internal.reflect.NativeMethodAccessorImpl.invoke Server version number: 9.0.20.0
07-Jan-2021 19:31:14.205 INFO [main] jdk.internal.reflect.NativeMethodAccessorImpl.invoke OS Name:               Mac OS X
07-Jan-2021 19:31:14.205 INFO [main] jdk.internal.reflect.NativeMethodAccessorImpl.invoke OS Version:            10.15.7
07-Jan-2021 19:31:14.205 INFO [main] jdk.internal.reflect.NativeMethodAccessorImpl.invoke Architektur:          x86_64
07-Jan-2021 19:31:14.205 INFO [main] jdk.internal.reflect.NativeMethodAccessorImpl.invoke Java Home:             /Library/Java/JavaVirtualMachines/jdk-13.0.2.jdk/Contents/Home
07-Jan-2021 19:31:14.205 INFO [main] jdk.internal.reflect.NativeMethodAccessorImpl.invoke JVM Version:           13.0.2+8
07-Jan-2021 19:31:14.205 INFO [main] jdk.internal.reflect.NativeMethodAccessorImpl.invoke JVM Hersteller:            Oracle Corporation
07-Jan-2021 19:31:14.205 INFO [main] jdk.internal.reflect.NativeMethodAccessorImpl.invoke 
 CATALINA_BASE:         /Users/master/Documents/jkwrite/bht/runtime/workspaces/essworkspace_s21/org.dieschnittstelle.ess/.distribution/apache-tomee
07-Jan-2021 19:31:14.205 INFO [main] jdk.internal.reflect.NativeMethodAccessorImpl.invoke CATALINA_HOME:         /Users/master/Documents/jkwrite/bht/runtime/workspaces/essworkspace_s21/org.dieschnittstelle.ess/.distribution/apache-tomee
07-Jan-2021 19:31:14.220 INFO [main] jdk.internal.reflect.NativeMethodAccessorImpl.invoke Command line argument: --add-opens=java.base/java.lang=ALL-UNNAMED
07-Jan-2021 19:31:14.220 INFO [main] jdk.internal.reflect.NativeMethodAccessorImpl.invoke Command line argument: --add-opens=java.base/java.io=ALL-UNNAMED
07-Jan-2021 19:31:14.220 INFO [main] jdk.internal.reflect.NativeMethodAccessorImpl.invoke Command line argument: --add-opens=java.rmi/sun.rmi.transport=ALL-UNNAMED
07-Jan-2021 19:31:14.220 INFO [main] jdk.internal.reflect.NativeMethodAccessorImpl.invoke Command line argument: -Djava.util.logging.config.file=/Users/master/Documents/jkwrite/bht/runtime/workspaces/essworkspace_s21/org.dieschnittstelle.ess/.distribution/apache-tomee/conf/logging.properties
07-Jan-2021 19:31:14.221 INFO [main] jdk.internal.reflect.NativeMethodAccessorImpl.invoke Command line argument: -Djava.util.logging.manager=org.apache.juli.ClassLoaderLogManager
07-Jan-2021 19:31:14.221 INFO [main] jdk.internal.reflect.DelegatingMethodAccessorImpl.invoke Command line argument: -javaagent:/Users/master/Documents/jkwrite/bht/runtime/workspaces/essworkspace_s21/org.dieschnittstelle.ess/.distribution/apache-tomee/lib/openejb-javaagent.jar
07-Jan-2021 19:31:14.221 INFO [main] jdk.internal.reflect.DelegatingMethodAccessorImpl.invoke Command line argument: -Djdk.tls.ephemeralDHKeySize=2048
07-Jan-2021 19:31:14.221 INFO [main] jdk.internal.reflect.DelegatingMethodAccessorImpl.invoke Command line argument: -Djava.protocol.handler.pkgs=org.apache.catalina.webresources
07-Jan-2021 19:31:14.221 INFO [main] jdk.internal.reflect.DelegatingMethodAccessorImpl.invoke Command line argument: -Dorg.apache.catalina.security.SecurityListener.UMASK=0027
07-Jan-2021 19:31:14.221 INFO [main] jdk.internal.reflect.DelegatingMethodAccessorImpl.invoke Command line argument: -Dorg.apache.catalina.STRICT_SERVLET_COMPLIANCE=false
07-Jan-2021 19:31:14.222 INFO [main] jdk.internal.reflect.DelegatingMethodAccessorImpl.invoke Command line argument: -Dopenejb.session.manager=org.apache.tomee.catalina.session.QuickSessionManager
07-Jan-2021 19:31:14.222 INFO [main] jdk.internal.reflect.DelegatingMethodAccessorImpl.invoke Command line argument: -Dtomee.remote.support=true
07-Jan-2021 19:31:14.222 INFO [main] jdk.internal.reflect.DelegatingMethodAccessorImpl.invoke Command line argument: -Dopenejb.system.apps=false
07-Jan-2021 19:31:14.222 INFO [main] jdk.internal.reflect.DelegatingMethodAccessorImpl.invoke Command line argument: -Dtomee.noshutdownhook=true
07-Jan-2021 19:31:14.222 INFO [main] jdk.internal.reflect.DelegatingMethodAccessorImpl.invoke Command line argument: -Dtomee.jsp-development=true
07-Jan-2021 19:31:14.222 INFO [main] jdk.internal.reflect.DelegatingMethodAccessorImpl.invoke Command line argument: -Dignore.endorsed.dirs=
07-Jan-2021 19:31:14.222 INFO [main] jdk.internal.reflect.DelegatingMethodAccessorImpl.invoke Command line argument: -Dcatalina.base=/Users/master/Documents/jkwrite/bht/runtime/workspaces/essworkspace_s21/org.dieschnittstelle.ess/.distribution/apache-tomee
07-Jan-2021 19:31:14.222 INFO [main] jdk.internal.reflect.DelegatingMethodAccessorImpl.invoke Command line argument: -Dcatalina.home=/Users/master/Documents/jkwrite/bht/runtime/workspaces/essworkspace_s21/org.dieschnittstelle.ess/.distribution/apache-tomee
07-Jan-2021 19:31:14.222 INFO [main] jdk.internal.reflect.DelegatingMethodAccessorImpl.invoke Command line argument: -Djava.io.tmpdir=/Users/master/Documents/jkwrite/bht/runtime/workspaces/essworkspace_s21/org.dieschnittstelle.ess/.distribution/apache-tomee/temp
07-Jan-2021 19:31:14.222 INFO [main] jdk.internal.reflect.DelegatingMethodAccessorImpl.invoke The APR based Apache Tomcat Native library which allows optimal performance in production environments was not found on the java.library.path: [/Users/master/Library/Java/Extensions:/Library/Java/Extensions:/Network/Library/Java/Extensions:/System/Library/Java/Extensions:/usr/lib/java:.]
07-Jan-2021 19:31:14.483 INFO [main] jdk.internal.reflect.DelegatingMethodAccessorImpl.invoke Initialisiere ProtocolHandler["http-nio-8080"]
07-Jan-2021 19:31:14.543 INFO [main] jdk.internal.reflect.DelegatingMethodAccessorImpl.invoke Initialisiere ProtocolHandler["ajp-nio-8009"]
07-Jan-2021 19:31:14.713 INFO [main] org.apache.openejb.util.OptionsLog.info Using 'tomee.remote.support=true'
07-Jan-2021 19:31:14.720 INFO [main] org.apache.openejb.util.OptionsLog.info Using 'openejb.jdbc.datasource-creator=org.apache.tomee.jdbc.TomEEDataSourceCreator'
07-Jan-2021 19:31:14.788 INFO [main] org.apache.openejb.OpenEJB$Instance.<init> ********************************************************************************
07-Jan-2021 19:31:14.788 INFO [main] org.apache.openejb.OpenEJB$Instance.<init> OpenEJB http://tomee.apache.org/
07-Jan-2021 19:31:14.788 INFO [main] org.apache.openejb.OpenEJB$Instance.<init> Startup: Thu Jan 07 19:31:14 CET 2021
07-Jan-2021 19:31:14.789 INFO [main] org.apache.openejb.OpenEJB$Instance.<init> Copyright 1999-2018 (C) Apache OpenEJB Project, All Rights Reserved.
07-Jan-2021 19:31:14.789 INFO [main] org.apache.openejb.OpenEJB$Instance.<init> Version: 8.0.0-M3
07-Jan-2021 19:31:14.789 INFO [main] org.apache.openejb.OpenEJB$Instance.<init> Build date: 20190523
07-Jan-2021 19:31:14.789 INFO [main] org.apache.openejb.OpenEJB$Instance.<init> Build time: 12:13
07-Jan-2021 19:31:14.789 INFO [main] org.apache.openejb.OpenEJB$Instance.<init> ********************************************************************************
07-Jan-2021 19:31:14.789 INFO [main] org.apache.openejb.OpenEJB$Instance.<init> openejb.home = /Users/master/Documents/jkwrite/bht/runtime/workspaces/essworkspace_s21/org.dieschnittstelle.ess/.distribution/apache-tomee
07-Jan-2021 19:31:14.789 INFO [main] org.apache.openejb.OpenEJB$Instance.<init> openejb.base = /Users/master/Documents/jkwrite/bht/runtime/workspaces/essworkspace_s21/org.dieschnittstelle.ess/.distribution/apache-tomee
07-Jan-2021 19:31:14.791 INFO [main] org.apache.openejb.cdi.CdiBuilder.initializeOWB Created new singletonService org.apache.openejb.cdi.ThreadSingletonServiceImpl@600b90df
07-Jan-2021 19:31:14.792 INFO [main] org.apache.openejb.cdi.CdiBuilder.initializeOWB Succeeded in installing singleton service
07-Jan-2021 19:31:14.815 INFO [main] org.apache.openejb.config.ConfigurationFactory.init TomEE configuration file is '/Users/master/Documents/jkwrite/bht/runtime/workspaces/essworkspace_s21/org.dieschnittstelle.ess/.distribution/apache-tomee/conf/tomee.xml'
07-Jan-2021 19:31:14.852 INFO [main] org.apache.openejb.config.ConfigurationFactory.configureService Configuring Service(id=Tomcat Security Service, type=SecurityService, provider-id=Tomcat Security Service)
07-Jan-2021 19:31:14.853 INFO [main] org.apache.openejb.config.ConfigurationFactory.configureService Configuring Service(id=Default Transaction Manager, type=TransactionManager, provider-id=Default Transaction Manager)
07-Jan-2021 19:31:14.855 INFO [main] org.apache.openejb.util.OptionsLog.info Using 'openejb.system.apps=false'
07-Jan-2021 19:31:14.855 INFO [main] org.apache.openejb.util.OptionsLog.info Using 'openejb.deployments.classpath=false'
07-Jan-2021 19:31:14.857 INFO [main] org.apache.openejb.assembler.classic.Assembler.createRecipe Creating TransactionManager(id=Default Transaction Manager)
07-Jan-2021 19:31:14.892 INFO [main] org.apache.openejb.assembler.classic.Assembler.createRecipe Creating SecurityService(id=Tomcat Security Service)
07-Jan-2021 19:31:14.961 INFO [main] org.apache.openejb.server.ServiceManager.initServer Creating ServerService(id=cxf-rs)
07-Jan-2021 19:31:15.141 INFO [main] org.apache.openejb.server.SimpleServiceManager.start   ** Bound Services **
07-Jan-2021 19:31:15.141 INFO [main] org.apache.openejb.server.SimpleServiceManager.printRow   NAME                 IP              PORT  
07-Jan-2021 19:31:15.141 INFO [main] org.apache.openejb.server.SimpleServiceManager.start -------
07-Jan-2021 19:31:15.141 INFO [main] org.apache.openejb.server.SimpleServiceManager.start Ready!
07-Jan-2021 19:31:15.141 INFO [main] org.apache.openejb.util.OptionsLog.info Using 'tomee.noshutdownhook=true'
07-Jan-2021 19:31:15.141 INFO [main] jdk.internal.reflect.DelegatingMethodAccessorImpl.invoke Server initialization in [1.181] milliseconds
07-Jan-2021 19:31:15.164 INFO [main] org.apache.tomee.catalina.OpenEJBNamingContextListener.bindResource Importing a Tomcat Resource with id 'UserDatabase' of type 'org.apache.catalina.UserDatabase'.
07-Jan-2021 19:31:15.165 INFO [main] org.apache.openejb.assembler.classic.Assembler.createRecipe Creating Resource(id=UserDatabase)
07-Jan-2021 19:31:15.178 INFO [main] jdk.internal.reflect.DelegatingMethodAccessorImpl.invoke Starting service [Catalina]
07-Jan-2021 19:31:15.178 INFO [main] jdk.internal.reflect.DelegatingMethodAccessorImpl.invoke Starting Servlet engine: [Apache Tomcat/9.0.20]
07-Jan-2021 19:31:15.195 INFO [main] jdk.internal.reflect.DelegatingMethodAccessorImpl.invoke Deploying web application archive [/Users/master/Documents/jkwrite/bht/runtime/workspaces/essworkspace_s21/org.dieschnittstelle.ess/.distribution/apache-tomee/webapps/ROOT.war]
07-Jan-2021 19:31:15.199 INFO [main] org.apache.tomee.catalina.TomcatWebAppBuilder.init ------------------------- localhost -> /
07-Jan-2021 19:31:15.201 INFO [main] org.apache.openejb.util.JarExtractor.extract Extracting jar: /Users/master/Documents/jkwrite/bht/runtime/workspaces/essworkspace_s21/org.dieschnittstelle.ess/.distribution/apache-tomee/webapps/ROOT.war
07-Jan-2021 19:31:15.251 INFO [main] org.apache.openejb.util.JarExtractor.extract Extracted path: /Users/master/Documents/jkwrite/bht/runtime/workspaces/essworkspace_s21/org.dieschnittstelle.ess/.distribution/apache-tomee/webapps/ROOT
07-Jan-2021 19:31:15.252 INFO [main] org.apache.openejb.util.OptionsLog.info Using 'openejb.session.manager=org.apache.tomee.catalina.session.QuickSessionManager'
07-Jan-2021 19:31:15.362 INFO [main] org.apache.openejb.util.OptionsLog.info Using 'tomee.mp.scan=all'
07-Jan-2021 19:31:15.720 INFO [main] org.apache.openejb.config.ConfigurationFactory.configureApplication Configuring enterprise application: /Users/master/Documents/jkwrite/bht/runtime/workspaces/essworkspace_s21/org.dieschnittstelle.ess/.distribution/apache-tomee/webapps/ROOT
07-Jan-2021 19:31:16.284 INFO [main] org.apache.openejb.config.ConfigurationFactory.configureService Configuring Service(id=Default Managed Container, type=Container, provider-id=Default Managed Container)
07-Jan-2021 19:31:16.284 INFO [main] org.apache.openejb.config.AutoConfig.createContainer Auto-creating a container for bean .Comp567921924: Container(type=MANAGED, id=Default Managed Container)
07-Jan-2021 19:31:16.284 INFO [main] org.apache.openejb.assembler.classic.Assembler.createRecipe Creating Container(id=Default Managed Container)
07-Jan-2021 19:31:16.288 INFO [main] org.apache.openejb.core.managed.SimplePassivater.init Using directory /Users/master/Documents/jkwrite/bht/runtime/workspaces/essworkspace_s21/org.dieschnittstelle.ess/.distribution/apache-tomee/temp for stateful session passivation
07-Jan-2021 19:31:16.295 INFO [main] org.apache.openejb.config.AutoConfig.deploy Configuring PersistenceUnit(name=erp_PU)
07-Jan-2021 19:31:16.296 INFO [main] org.apache.openejb.config.ConfigurationFactory.configureService Configuring Service(id=Default JDBC Database, type=Resource, provider-id=Default JDBC Database)
07-Jan-2021 19:31:16.296 INFO [main] org.apache.openejb.config.AutoConfig.logAutoCreateResource Auto-creating a Resource with id 'Default JDBC Database' of type 'DataSource for 'erp_PU'.
07-Jan-2021 19:31:16.297 INFO [main] org.apache.openejb.assembler.classic.Assembler.createRecipe Creating Resource(id=Default JDBC Database)
07-Jan-2021 19:31:16.529 INFO [main] org.hsqldb.persist.Logger.logInfoEvent Checkpoint start
07-Jan-2021 19:31:16.529 INFO [main] org.hsqldb.persist.Logger.logInfoEvent checkpointClose start
07-Jan-2021 19:31:16.536 INFO [main] org.hsqldb.persist.Logger.logInfoEvent checkpointClose end
07-Jan-2021 19:31:16.538 INFO [main] org.hsqldb.persist.Logger.logInfoEvent Checkpoint end - txts: 1
07-Jan-2021 19:31:16.553 INFO [main] org.apache.openejb.config.ConfigurationFactory.configureService Configuring Service(id=Default Unmanaged JDBC Database, type=Resource, provider-id=Default Unmanaged JDBC Database)
07-Jan-2021 19:31:16.553 INFO [main] org.apache.openejb.config.AutoConfig.logAutoCreateResource Auto-creating a Resource with id 'Default Unmanaged JDBC Database' of type 'DataSource for 'erp_PU'.
07-Jan-2021 19:31:16.553 INFO [main] org.apache.openejb.assembler.classic.Assembler.createRecipe Creating Resource(id=Default Unmanaged JDBC Database)
07-Jan-2021 19:31:16.563 INFO [main] org.apache.openejb.config.AutoConfig.setJtaDataSource Adjusting PersistenceUnit erp_PU <jta-data-source> to Resource ID 'Default JDBC Database' from 'crm_erp_DS'
07-Jan-2021 19:31:16.563 INFO [main] org.apache.openejb.config.AutoConfig.setNonJtaDataSource Adjusting PersistenceUnit erp_PU <non-jta-data-source> to Resource ID 'Default Unmanaged JDBC Database' from 'null'
07-Jan-2021 19:31:16.563 INFO [main] org.apache.openejb.config.AutoConfig.deploy Configuring PersistenceUnit(name=crm_PU)
07-Jan-2021 19:31:16.564 INFO [main] org.apache.openejb.config.AutoConfig.setJtaDataSource Adjusting PersistenceUnit crm_PU <jta-data-source> to Resource ID 'Default JDBC Database' from 'crm_erp_DS'
07-Jan-2021 19:31:16.564 INFO [main] org.apache.openejb.config.AutoConfig.setNonJtaDataSource Adjusting PersistenceUnit crm_PU <non-jta-data-source> to Resource ID 'Default Unmanaged JDBC Database' from 'null'
07-Jan-2021 19:31:16.564 INFO [main] org.apache.openejb.config.AutoConfig.deploy Configuring PersistenceUnit(name=shopping_PU)
07-Jan-2021 19:31:16.564 INFO [main] org.apache.openejb.config.AutoConfig.setJtaDataSource Adjusting PersistenceUnit shopping_PU <jta-data-source> to Resource ID 'Default JDBC Database' from 'crm_erp_DS'
07-Jan-2021 19:31:16.565 INFO [main] org.apache.openejb.config.AutoConfig.setNonJtaDataSource Adjusting PersistenceUnit shopping_PU <non-jta-data-source> to Resource ID 'Default Unmanaged JDBC Database' from 'null'
07-Jan-2021 19:31:16.581 INFO [main] org.apache.openejb.config.AppInfoBuilder.build Enterprise application "/Users/master/Documents/jkwrite/bht/runtime/workspaces/essworkspace_s21/org.dieschnittstelle.ess/.distribution/apache-tomee/webapps/ROOT" loaded.
07-Jan-2021 19:31:16.584 INFO [main] org.apache.openejb.assembler.classic.Assembler.createApplication Assembling app: /Users/master/Documents/jkwrite/bht/runtime/workspaces/essworkspace_s21/org.dieschnittstelle.ess/.distribution/apache-tomee/webapps/ROOT
07-Jan-2021 19:31:16.787 INFO [main] org.apache.openejb.assembler.classic.ReloadableEntityManagerFactory.createDelegate PersistenceUnit(name=erp_PU, provider=org.apache.openjpa.persistence.PersistenceProviderImpl) - provider time 189ms
07-Jan-2021 19:31:16.798 INFO [main] org.apache.openejb.assembler.classic.ReloadableEntityManagerFactory.createDelegate PersistenceUnit(name=crm_PU, provider=org.apache.openjpa.persistence.PersistenceProviderImpl) - provider time 6ms
07-Jan-2021 19:31:16.806 INFO [main] org.apache.openejb.assembler.classic.ReloadableEntityManagerFactory.createDelegate PersistenceUnit(name=shopping_PU, provider=org.apache.openjpa.persistence.PersistenceProviderImpl) - provider time 7ms
07-Jan-2021 19:31:16.861 INFO [main] org.apache.openejb.cdi.CdiBuilder.initSingleton Existing thread singleton service in SystemInstance(): org.apache.openejb.cdi.ThreadSingletonServiceImpl@600b90df
07-Jan-2021 19:31:16.903 INFO [main] org.apache.openejb.cdi.OpenEJBLifecycle.startApplication OpenWebBeans Container is starting...
07-Jan-2021 19:31:16.906 INFO [main] org.apache.webbeans.plugins.PluginLoader.startUp Adding OpenWebBeansPlugin : [CdiPlugin]
07-Jan-2021 19:31:17.177 INFO [main] org.apache.openejb.cdi.CdiScanner.handleBda Using annotated mode for jar:file:/Users/master/Documents/jkwrite/bht/runtime/workspaces/essworkspace_s21/org.dieschnittstelle.ess/.distribution/apache-tomee/lib/geronimo-config-impl-1.2.1.jar!/META-INF/beans.xml looking all classes to find CDI beans, maybe think to add a beans.xml if not there or add the jar to exclusions.list
07-Jan-2021 19:31:17.295 INFO [main] org.apache.openejb.cdi.CdiScanner.handleBda Using annotated mode for file:/Users/master/Documents/jkwrite/bht/runtime/workspaces/essworkspace_s21/org.dieschnittstelle.ess/.distribution/apache-tomee/webapps/ROOT/WEB-INF/lib/lib-utils-1.0-SNAPSHOT.jar looking all classes to find CDI beans, maybe think to add a beans.xml if not there or add the jar to exclusions.list
07-Jan-2021 19:31:17.388 INFO [main] org.apache.openejb.util.OptionsLog.info Using 'tomee.mp.scan=all'
07-Jan-2021 19:31:18.491 INFO [main] org.apache.webbeans.config.BeansDeployer.validateInjectionPoints All injection points were validated successfully.
07-Jan-2021 19:31:18.512 INFO [main] org.apache.openejb.cdi.OpenEJBLifecycle.startApplication OpenWebBeans Container has started, it took 1609 ms.
07-Jan-2021 19:31:18.519 INFO [main] org.apache.openejb.assembler.classic.Assembler.createApplication Deployed Application(path=/Users/master/Documents/jkwrite/bht/runtime/workspaces/essworkspace_s21/org.dieschnittstelle.ess/.distribution/apache-tomee/webapps/ROOT)
07-Jan-2021 19:31:18.617 INFO [main] org.apache.myfaces.ee.MyFacesContainerInitializer.onStartup Using org.apache.myfaces.ee.MyFacesContainerInitializer
07-Jan-2021 19:31:18.644 INFO [main] org.apache.myfaces.ee.MyFacesContainerInitializer.onStartup Added FacesServlet with mappings=[/faces/*, *.jsf, *.faces, *.xhtml]
07-Jan-2021 19:31:18.664 INFO [main] org.apache.jasper.servlet.TldScanner.scanJars At least one JAR was scanned for TLDs yet contained no TLDs. Enable debug logging for this logger for a complete list of JARs that were scanned but no TLDs were found in them. Skipping unneeded JARs during scanning can improve startup time and JSP compilation time.
07-Jan-2021 19:31:18.673 INFO [main] org.apache.tomee.myfaces.TomEEMyFacesContainerInitializer.addListener Installing <listener>org.apache.myfaces.webapp.StartupServletContextListener</listener>
07-Jan-2021 19:31:18.747 INFO [main] org.apache.myfaces.config.DefaultFacesConfigurationProvider.getStandardFacesConfig Reading standard config META-INF/standard-faces-config.xml
07-Jan-2021 19:31:18.951 INFO [main] org.apache.myfaces.config.DefaultFacesConfigurationProvider.getClassloaderFacesConfig Reading config : jar:file:/Users/master/Documents/jkwrite/bht/runtime/workspaces/essworkspace_s21/org.dieschnittstelle.ess/.distribution/apache-tomee/lib/openwebbeans-el22-2.0.9.jar!/META-INF/faces-config.xml
07-Jan-2021 19:31:18.953 INFO [main] org.apache.myfaces.config.DefaultFacesConfigurationProvider.getClassloaderFacesConfig Reading config : jar:file:/Users/master/Documents/jkwrite/bht/runtime/workspaces/essworkspace_s21/org.dieschnittstelle.ess/.distribution/apache-tomee/lib/openwebbeans-jsf-2.0.9.jar!/META-INF/faces-config.xml
07-Jan-2021 19:31:19.026 INFO [main] org.apache.myfaces.config.LogMetaInfUtils.logArtifact Artifact 'myfaces-api' was found in version '2.3.3' from path 'file:/Users/master/Documents/jkwrite/bht/runtime/workspaces/essworkspace_s21/org.dieschnittstelle.ess/.distribution/apache-tomee/lib/myfaces-api-2.3.3.jar'
07-Jan-2021 19:31:19.026 INFO [main] org.apache.myfaces.config.LogMetaInfUtils.logArtifact Artifact 'myfaces-impl' was found in version '2.3.3' from path 'file:/Users/master/Documents/jkwrite/bht/runtime/workspaces/essworkspace_s21/org.dieschnittstelle.ess/.distribution/apache-tomee/lib/myfaces-impl-2.3.3.jar'
07-Jan-2021 19:31:19.036 INFO [main] org.apache.myfaces.util.ExternalSpecifications.isCDIAvailable MyFaces CDI support enabled
07-Jan-2021 19:31:19.037 INFO [main] org.apache.myfaces.spi.impl.DefaultInjectionProviderFactory.getInjectionProvider Using InjectionProvider org.apache.myfaces.spi.impl.CDIAnnotationDelegateInjectionProvider
07-Jan-2021 19:31:19.074 INFO [main] org.apache.myfaces.util.ExternalSpecifications.isBeanValidationAvailable MyFaces Bean Validation support enabled
07-Jan-2021 19:31:19.108 INFO [main] org.apache.myfaces.application.ApplicationImpl.getProjectStage Couldn't discover the current project stage, using Production
07-Jan-2021 19:31:19.109 INFO [main] org.apache.myfaces.config.FacesConfigurator.handleSerialFactory Serialization provider : class org.apache.myfaces.shared_impl.util.serial.DefaultSerialFactory
07-Jan-2021 19:31:19.115 INFO [main] org.apache.myfaces.config.annotation.DefaultLifecycleProviderFactory.getLifecycleProvider Using LifecycleProvider org.apache.myfaces.config.annotation.Tomcat7AnnotationLifecycleProvider
07-Jan-2021 19:31:19.146 INFO [main] org.apache.myfaces.webapp.AbstractFacesInitializer.initFaces ServletContext initialized.
07-Jan-2021 19:31:19.149 INFO [main] org.apache.myfaces.view.facelets.ViewPoolProcessor.initialize org.apache.myfaces.CACHE_EL_EXPRESSIONS web config parameter is set to "noCache". To enable view pooling this param must be set to "alwaysRecompile". View Pooling disabled.
07-Jan-2021 19:31:19.159 INFO [main] org.apache.myfaces.webapp.StartupServletContextListener.contextInitialized MyFaces Core has started, it took [482] ms.
07-Jan-2021 19:31:19.184 INFO [main] org.apache.openejb.util.OptionsLog.info Using 'openejb.cxf-rs.cache-application=false'
07-Jan-2021 19:31:19.499 INFO [main] org.apache.openejb.server.cxf.rs.CxfRsHttpListener.deployApplication Using readers:
07-Jan-2021 19:31:19.499 INFO [main] org.apache.openejb.server.cxf.rs.CxfRsHttpListener.deployApplication      org.apache.cxf.jaxrs.provider.PrimitiveTextProvider@c3972d0
07-Jan-2021 19:31:19.499 INFO [main] org.apache.openejb.server.cxf.rs.CxfRsHttpListener.deployApplication      org.apache.cxf.jaxrs.provider.FormEncodingProvider@e1f88b6
07-Jan-2021 19:31:19.499 INFO [main] org.apache.openejb.server.cxf.rs.CxfRsHttpListener.deployApplication      org.apache.cxf.jaxrs.provider.MultipartProvider@69e346b3
07-Jan-2021 19:31:19.499 INFO [main] org.apache.openejb.server.cxf.rs.CxfRsHttpListener.deployApplication      org.apache.cxf.jaxrs.provider.SourceProvider@1cda3a6d
07-Jan-2021 19:31:19.499 INFO [main] org.apache.openejb.server.cxf.rs.CxfRsHttpListener.deployApplication      org.apache.cxf.jaxrs.provider.JAXBElementTypedProvider@4fda9fde
07-Jan-2021 19:31:19.499 INFO [main] org.apache.openejb.server.cxf.rs.CxfRsHttpListener.deployApplication      org.apache.cxf.jaxrs.provider.JAXBElementProvider@3df2f4ab
07-Jan-2021 19:31:19.499 INFO [main] org.apache.openejb.server.cxf.rs.CxfRsHttpListener.deployApplication      org.apache.openejb.server.cxf.rs.johnzon.TomEEJsonbProvider@7a1587e8
07-Jan-2021 19:31:19.499 INFO [main] org.apache.openejb.server.cxf.rs.CxfRsHttpListener.deployApplication      org.apache.openejb.server.cxf.rs.johnzon.TomEEJsonpProvider@1264dbc9
07-Jan-2021 19:31:19.499 INFO [main] org.apache.openejb.server.cxf.rs.CxfRsHttpListener.deployApplication      org.apache.cxf.jaxrs.provider.StringTextProvider@77f2807f
07-Jan-2021 19:31:19.500 INFO [main] org.apache.openejb.server.cxf.rs.CxfRsHttpListener.deployApplication      org.apache.cxf.jaxrs.provider.BinaryDataProvider@47b6f580
07-Jan-2021 19:31:19.500 INFO [main] org.apache.openejb.server.cxf.rs.CxfRsHttpListener.deployApplication      org.apache.cxf.jaxrs.provider.DataSourceProvider@5eb054
07-Jan-2021 19:31:19.500 INFO [main] org.apache.openejb.server.cxf.rs.CxfRsHttpListener.deployApplication Using writers:
07-Jan-2021 19:31:19.500 INFO [main] org.apache.openejb.server.cxf.rs.CxfRsHttpListener.deployApplication      org.apache.johnzon.jaxrs.WadlDocumentMessageBodyWriter@34d08905
07-Jan-2021 19:31:19.500 INFO [main] org.apache.openejb.server.cxf.rs.CxfRsHttpListener.deployApplication      org.apache.cxf.jaxrs.nio.NioMessageBodyWriter@57421698
07-Jan-2021 19:31:19.500 INFO [main] org.apache.openejb.server.cxf.rs.CxfRsHttpListener.deployApplication      org.apache.cxf.jaxrs.provider.StringTextProvider@77f2807f
07-Jan-2021 19:31:19.500 INFO [main] org.apache.openejb.server.cxf.rs.CxfRsHttpListener.deployApplication      org.apache.cxf.jaxrs.provider.JAXBElementTypedProvider@4fda9fde
07-Jan-2021 19:31:19.500 INFO [main] org.apache.openejb.server.cxf.rs.CxfRsHttpListener.deployApplication      org.apache.cxf.jaxrs.provider.PrimitiveTextProvider@c3972d0
07-Jan-2021 19:31:19.500 INFO [main] org.apache.openejb.server.cxf.rs.CxfRsHttpListener.deployApplication      org.apache.cxf.jaxrs.provider.FormEncodingProvider@e1f88b6
07-Jan-2021 19:31:19.500 INFO [main] org.apache.openejb.server.cxf.rs.CxfRsHttpListener.deployApplication      org.apache.cxf.jaxrs.provider.MultipartProvider@69e346b3
07-Jan-2021 19:31:19.500 INFO [main] org.apache.openejb.server.cxf.rs.CxfRsHttpListener.deployApplication      org.apache.geronimo.microprofile.openapi.jaxrs.JacksonOpenAPIYamlBodyWriter@2728e305
07-Jan-2021 19:31:19.500 INFO [main] org.apache.openejb.server.cxf.rs.CxfRsHttpListener.deployApplication      org.apache.cxf.jaxrs.provider.SourceProvider@1cda3a6d
07-Jan-2021 19:31:19.500 INFO [main] org.apache.openejb.server.cxf.rs.CxfRsHttpListener.deployApplication      org.apache.cxf.jaxrs.provider.JAXBElementProvider@3df2f4ab
07-Jan-2021 19:31:19.500 INFO [main] org.apache.openejb.server.cxf.rs.CxfRsHttpListener.deployApplication      org.apache.openejb.server.cxf.rs.johnzon.TomEEJsonbProvider@7a1587e8
07-Jan-2021 19:31:19.500 INFO [main] org.apache.openejb.server.cxf.rs.CxfRsHttpListener.deployApplication      org.apache.openejb.server.cxf.rs.johnzon.TomEEJsonpProvider@1264dbc9
07-Jan-2021 19:31:19.500 INFO [main] org.apache.openejb.server.cxf.rs.CxfRsHttpListener.deployApplication      org.apache.cxf.jaxrs.provider.BinaryDataProvider@47b6f580
07-Jan-2021 19:31:19.500 INFO [main] org.apache.openejb.server.cxf.rs.CxfRsHttpListener.deployApplication      org.apache.cxf.jaxrs.provider.DataSourceProvider@5eb054
07-Jan-2021 19:31:19.500 INFO [main] org.apache.openejb.server.cxf.rs.CxfRsHttpListener.deployApplication Using exception mappers:
07-Jan-2021 19:31:19.500 INFO [main] org.apache.openejb.server.cxf.rs.CxfRsHttpListener.deployApplication      org.apache.cxf.jaxrs.impl.WebApplicationExceptionMapper@2d2c794d
07-Jan-2021 19:31:19.500 INFO [main] org.apache.openejb.server.cxf.rs.CxfRsHttpListener.deployApplication      org.apache.tomee.microprofile.jwt.MPJWTFilter$MPJWTExceptionMapper@53f67af6
07-Jan-2021 19:31:19.500 INFO [main] org.apache.openejb.server.cxf.rs.CxfRsHttpListener.deployApplication      org.apache.openejb.server.cxf.rs.EJBExceptionMapper@44f86613
07-Jan-2021 19:31:19.500 INFO [main] org.apache.openejb.server.cxf.rs.CxfRsHttpListener.deployApplication      org.apache.cxf.jaxrs.validation.ValidationExceptionMapper@5a85f41b
07-Jan-2021 19:31:19.502 INFO [main] org.apache.openejb.server.cxf.rs.CxfRsHttpListener.logEndpoints REST Application: http://localhost:8080/api                                       -> org.dieschnittstelle.ess.mip.webapi.RESTWebAPIRoot@36c763cd
07-Jan-2021 19:31:19.504 INFO [main] org.apache.openejb.server.cxf.rs.CxfRsHttpListener.logEndpoints      Service URI: http://localhost:8080/api/campaigns                             -> Pojo org.dieschnittstelle.ess.mip.components.crm.impl.CampaignTrackingImplSingleton        
07-Jan-2021 19:31:19.504 INFO [main] org.apache.openejb.server.cxf.rs.CxfRsHttpListener.logEndpoints               GET http://localhost:8080/api/campaigns                             ->      List<CampaignExecution> getAllCampaignExecutions()                    
07-Jan-2021 19:31:19.504 INFO [main] org.apache.openejb.server.cxf.rs.CxfRsHttpListener.logEndpoints              POST http://localhost:8080/api/campaigns                             ->      void addCampaignExecution(CampaignExecution)                          
07-Jan-2021 19:31:19.504 INFO [main] org.apache.openejb.server.cxf.rs.CxfRsHttpListener.logEndpoints               PUT http://localhost:8080/api/campaigns/{campaignId}/check-is-valid ->      int existsValidCampaignExecutionAtTouchpoint(long, AbstractTouchpoint)
07-Jan-2021 19:31:19.504 INFO [main] org.apache.openejb.server.cxf.rs.CxfRsHttpListener.logEndpoints               PUT http://localhost:8080/api/campaigns/{campaignId}/purchase       ->      void purchaseCampaignAtTouchpoint(long, AbstractTouchpoint, int)      
07-Jan-2021 19:31:19.506 INFO [main] org.apache.openejb.server.cxf.rs.CxfRsHttpListener.logEndpoints      Service URI: http://localhost:8080/api/customers                             -> Pojo org.dieschnittstelle.ess.mip.components.crm.crud.impl.CustomerCRUDImpl                
07-Jan-2021 19:31:19.506 INFO [main] org.apache.openejb.server.cxf.rs.CxfRsHttpListener.logEndpoints            DELETE http://localhost:8080/api/customers/{customerId}                ->      boolean deleteCustomer(int)                     
07-Jan-2021 19:31:19.506 INFO [main] org.apache.openejb.server.cxf.rs.CxfRsHttpListener.logEndpoints               GET http://localhost:8080/api/customers                             ->      Customer readCustomerForEmail(String)           
07-Jan-2021 19:31:19.506 INFO [main] org.apache.openejb.server.cxf.rs.CxfRsHttpListener.logEndpoints               GET http://localhost:8080/api/customers/{customerId}                ->      Customer readCustomer(long)                     
07-Jan-2021 19:31:19.506 INFO [main] org.apache.openejb.server.cxf.rs.CxfRsHttpListener.logEndpoints              POST http://localhost:8080/api/customers                             ->      Customer createCustomer(Customer)               
07-Jan-2021 19:31:19.506 INFO [main] org.apache.openejb.server.cxf.rs.CxfRsHttpListener.logEndpoints               PUT http://localhost:8080/api/customers                             ->      Customer updateCustomer(Customer)               
07-Jan-2021 19:31:19.507 INFO [main] org.apache.openejb.server.cxf.rs.CxfRsHttpListener.logEndpoints               PUT http://localhost:8080/api/customers                             ->      Customer updateCustomerWithSleep(Customer, long)
07-Jan-2021 19:31:19.507 INFO [main] org.apache.openejb.server.cxf.rs.CxfRsHttpListener.logEndpoints      Service URI: http://localhost:8080/api/health                                -> Pojo org.apache.geronimo.microprofile.impl.health.cdi.CdiHealthChecksEndpoint              
07-Jan-2021 19:31:19.507 INFO [main] org.apache.openejb.server.cxf.rs.CxfRsHttpListener.logEndpoints               GET http://localhost:8080/api/health                                ->      Response getChecks()
07-Jan-2021 19:31:19.507 INFO [main] org.apache.openejb.server.cxf.rs.CxfRsHttpListener.logEndpoints      Service URI: http://localhost:8080/api/metrics                               -> Pojo org.apache.geronimo.microprofile.metrics.jaxrs.CdiMetricsEndpoints                    
07-Jan-2021 19:31:19.507 INFO [main] org.apache.openejb.server.cxf.rs.CxfRsHttpListener.logEndpoints               GET http://localhost:8080/api/metrics                               ->      Object getJson(SecurityContext, UriInfo)                    
07-Jan-2021 19:31:19.507 INFO [main] org.apache.openejb.server.cxf.rs.CxfRsHttpListener.logEndpoints               GET http://localhost:8080/api/metrics                               ->      String getText(SecurityContext, UriInfo)                    
07-Jan-2021 19:31:19.508 INFO [main] org.apache.openejb.server.cxf.rs.CxfRsHttpListener.logEndpoints               GET http://localhost:8080/api/metrics/{registry}                    ->      Object getJson(String, SecurityContext, UriInfo)            
07-Jan-2021 19:31:19.508 INFO [main] org.apache.openejb.server.cxf.rs.CxfRsHttpListener.logEndpoints               GET http://localhost:8080/api/metrics/{registry}                    ->      String getText(String, SecurityContext, UriInfo)            
07-Jan-2021 19:31:19.508 INFO [main] org.apache.openejb.server.cxf.rs.CxfRsHttpListener.logEndpoints               GET http://localhost:8080/api/metrics/{registry}/{metric}           ->      Object getJson(String, String, SecurityContext, UriInfo)    
07-Jan-2021 19:31:19.508 INFO [main] org.apache.openejb.server.cxf.rs.CxfRsHttpListener.logEndpoints               GET http://localhost:8080/api/metrics/{registry}/{metric}           ->      String getText(String, String, SecurityContext, UriInfo)    
07-Jan-2021 19:31:19.508 INFO [main] org.apache.openejb.server.cxf.rs.CxfRsHttpListener.logEndpoints           OPTIONS http://localhost:8080/api/metrics/{registry}                    ->      Object getMetadata(String, SecurityContext, UriInfo)        
07-Jan-2021 19:31:19.508 INFO [main] org.apache.openejb.server.cxf.rs.CxfRsHttpListener.logEndpoints           OPTIONS http://localhost:8080/api/metrics/{registry}/{metric}           ->      Object getMetadata(String, String, SecurityContext, UriInfo)
07-Jan-2021 19:31:19.508 INFO [main] org.apache.openejb.server.cxf.rs.CxfRsHttpListener.logEndpoints      Service URI: http://localhost:8080/api/openapi                               -> Pojo org.apache.geronimo.microprofile.openapi.jaxrs.OpenAPIEndpoint                        
07-Jan-2021 19:31:19.508 INFO [main] org.apache.openejb.server.cxf.rs.CxfRsHttpListener.logEndpoints               GET http://localhost:8080/api/openapi                               ->      OpenAPI get()
07-Jan-2021 19:31:19.509 INFO [main] org.apache.openejb.server.cxf.rs.CxfRsHttpListener.logEndpoints      Service URI: http://localhost:8080/api/pointsOfSale                          -> Pojo org.dieschnittstelle.ess.mip.components.erp.crud.impl.PointOfSaleCRUDImpl             
07-Jan-2021 19:31:19.509 INFO [main] org.apache.openejb.server.cxf.rs.CxfRsHttpListener.logEndpoints            DELETE http://localhost:8080/api/pointsOfSale/{posId}                  ->      boolean deletePointOfSale(long)           
07-Jan-2021 19:31:19.509 INFO [main] org.apache.openejb.server.cxf.rs.CxfRsHttpListener.logEndpoints               GET http://localhost:8080/api/pointsOfSale                          ->      List<PointOfSale> readAllPointsOfSale()   
07-Jan-2021 19:31:19.509 INFO [main] org.apache.openejb.server.cxf.rs.CxfRsHttpListener.logEndpoints               GET http://localhost:8080/api/pointsOfSale/{posId}                  ->      PointOfSale readPointOfSale(long)         
07-Jan-2021 19:31:19.509 INFO [main] org.apache.openejb.server.cxf.rs.CxfRsHttpListener.logEndpoints              POST http://localhost:8080/api/pointsOfSale                          ->      PointOfSale createPointOfSale(PointOfSale)
07-Jan-2021 19:31:19.509 INFO [main] org.apache.openejb.server.cxf.rs.CxfRsHttpListener.logEndpoints      Service URI: http://localhost:8080/api/shoppingcarts                         -> Pojo org.dieschnittstelle.ess.mip.components.shopping.cart.impl.ShoppingCartRESTServiceImpl
07-Jan-2021 19:31:19.509 INFO [main] org.apache.openejb.server.cxf.rs.CxfRsHttpListener.logEndpoints            DELETE http://localhost:8080/api/shoppingcarts/{cartId}                ->      boolean deleteCart(long)             
07-Jan-2021 19:31:19.509 INFO [main] org.apache.openejb.server.cxf.rs.CxfRsHttpListener.logEndpoints               GET http://localhost:8080/api/shoppingcarts/{cartId}                ->      List<ShoppingCartItem> getItems(long)
07-Jan-2021 19:31:19.510 INFO [main] org.apache.openejb.server.cxf.rs.CxfRsHttpListener.logEndpoints              POST http://localhost:8080/api/shoppingcarts                         ->      long createNewCart()                 
07-Jan-2021 19:31:19.510 INFO [main] org.apache.openejb.server.cxf.rs.CxfRsHttpListener.logEndpoints              POST http://localhost:8080/api/shoppingcarts/{cartId}                ->      void addItem(long, ShoppingCartItem) 
07-Jan-2021 19:31:19.510 INFO [main] org.apache.openejb.server.cxf.rs.CxfRsHttpListener.logEndpoints      Service URI: http://localhost:8080/api/touchpoints                           -> Pojo org.dieschnittstelle.ess.mip.components.crm.impl.TouchpointAccessImpl                 
07-Jan-2021 19:31:19.510 INFO [main] org.apache.openejb.server.cxf.rs.CxfRsHttpListener.logEndpoints               GET http://localhost:8080/api/touchpoints                           ->      List<AbstractTouchpoint> readAllTouchpoints()                                            
07-Jan-2021 19:31:19.510 INFO [main] org.apache.openejb.server.cxf.rs.CxfRsHttpListener.logEndpoints              POST http://localhost:8080/api/touchpoints                           ->      AbstractTouchpoint createTouchpointAndPointOfSale(AbstractTouchpoint) throws CrmException
07-Jan-2021 19:31:19.510 INFO [main] org.apache.openejb.server.cxf.rs.CxfRsHttpListener.logEndpoints      Service URI: http://localhost:8080/api/tracking                              -> Pojo org.dieschnittstelle.ess.mip.components.crm.impl.CustomerTrackingImpl                 
07-Jan-2021 19:31:19.510 INFO [main] org.apache.openejb.server.cxf.rs.CxfRsHttpListener.logEndpoints               GET http://localhost:8080/api/tracking                              ->      List<CustomerTransaction> readAllTransactions()
07-Jan-2021 19:31:19.510 INFO [main] org.apache.openejb.server.cxf.rs.CxfRsHttpListener.logEndpoints              POST http://localhost:8080/api/tracking                              ->      void createTransaction(CustomerTransaction)    
07-Jan-2021 19:31:19.530 INFO [main] jdk.internal.reflect.DelegatingMethodAccessorImpl.invoke Deployment of web application archive [/Users/master/Documents/jkwrite/bht/runtime/workspaces/essworkspace_s21/org.dieschnittstelle.ess/.distribution/apache-tomee/webapps/ROOT.war] has finished in [4.335] ms
07-Jan-2021 19:31:19.536 INFO [main] org.apache.catalina.core.StandardContext.setClassLoaderProperty Unable to set the web application class loader property [clearReferencesRmiTargets] to [true] as the property does not exist.
07-Jan-2021 19:31:19.537 INFO [main] org.apache.catalina.core.StandardContext.setClassLoaderProperty Unable to set the web application class loader property [clearReferencesObjectStreamClassCaches] to [true] as the property does not exist.
07-Jan-2021 19:31:19.537 INFO [main] org.apache.catalina.core.StandardContext.setClassLoaderProperty Unable to set the web application class loader property [clearReferencesObjectStreamClassCaches] to [true] as the property does not exist.
07-Jan-2021 19:31:19.537 INFO [main] org.apache.catalina.core.StandardContext.setClassLoaderProperty Unable to set the web application class loader property [clearReferencesThreadLocals] to [true] as the property does not exist.
07-Jan-2021 19:31:19.544 INFO [main] jdk.internal.reflect.DelegatingMethodAccessorImpl.invoke Starting ProtocolHandler ["http-nio-8080"]
07-Jan-2021 19:31:19.548 INFO [main] jdk.internal.reflect.DelegatingMethodAccessorImpl.invoke Starting ProtocolHandler ["ajp-nio-8009"]
07-Jan-2021 19:31:19.550 INFO [main] jdk.internal.reflect.DelegatingMethodAccessorImpl.invoke Server startup in [4.408] milliseconds
07-Jan-2021 19:31:29.984 WARNING [http-nio-8080-exec-1] null.openjpa.Enhance Detected the following possible violations of the restrictions placed on property access persistent types:
"org.dieschnittstelle.ess.entities.crm.Address" uses property access, but its field "houseNr" is accessed directly in method "toString" defined in "org.dieschnittstelle.ess.entities.crm.Address".
"org.dieschnittstelle.ess.entities.crm.Address" uses property access, but its field "zipCode" is accessed directly in method "toString" defined in "org.dieschnittstelle.ess.entities.crm.Address".
"org.dieschnittstelle.ess.entities.crm.Address" uses property access, but its field "city" is accessed directly in method "toString" defined in "org.dieschnittstelle.ess.entities.crm.Address".
"org.dieschnittstelle.ess.entities.crm.Address" uses property access, but its field "street" is accessed directly in method "toString" defined in "org.dieschnittstelle.ess.entities.crm.Address".
07-Jan-2021 19:31:30.060 INFO [http-nio-8080-exec-1] null.openjpa.Runtime Starting OpenJPA 3.1.0
07-Jan-2021 19:31:30.110 INFO [http-nio-8080-exec-1] null.openjpa.jdbc.JDBC Using dictionary class "org.apache.openjpa.jdbc.sql.HSQLDictionary" (HSQL Database Engine 2.3.2 ,HSQL Database Engine Driver 2.3.2).
07-Jan-2021 19:31:30.122 INFO [http-nio-8080-exec-1] null.openjpa.jdbc.JDBC Connected to HSQL Database Engine version 2.2 using JDBC driver HSQL Database Engine Driver version 2.3.2.
